<?xml version="1.0" encoding="UTF-8"?>
<testsuite name="swm.virtuoso.reviewservice.domain.DiscussionTest" tests="1" skipped="0" failures="0" errors="0" timestamp="2024-07-16T02:18:07" hostname="BOOK-NCLLFSO7T1" time="0.086">
  <properties/>
  <testcase name="test calculateDeletedCodes with modified codes having mixed null and non-null ids returns correct deleted codes()" classname="swm.virtuoso.reviewservice.domain.DiscussionTest" time="0.086"/>
  <system-out><![CDATA[]]></system-out>
  <system-err><![CDATA[]]></system-err>
</testsuite>
